This is pdfTeX, Version 3.141592653-2.6-1.40.24 (MiKTeX 22.3) (preloaded format=pdflatex 2022.5.11)  21 JUN 2022 17:46
entering extended mode
 restricted \write18 enabled.
 %&-line parsing enabled.
**Thesis.tex+
(C:\Program Files\MiKTeX\tex/latex/tools\q.tex
LaTeX2e <2021-11-15> patch level 1
L3 programming layer <2022-02-24> File ignored
)
! Emergency stop.
<*> Thesis.tex+
               
*** (job aborted, no legal \end found)

 
Here is how much of TeX's memory you used:
 20 strings out of 478582
 443 string characters out of 2854156
 288951 words of memory out of 3000000
 18305 multiletter control sequences out of 15000+600000
 469259 words of font info for 28 fonts, out of 8000000 for 9000
 1141 hyphenation exceptions out of 8191
 13i,0n,12p,91b,10s stack positions out of 10000i,1000n,20000p,200000b,80000s
!  ==> Fatal error occurred, no output PDF file produced!
