\BOOKMARK [0][]{chapter*.4}{\376\377\000R\000e\000s\000u\000m\000e\000n\000.}{}% 1
\BOOKMARK [0][]{chapter*.5}{\376\377\000A\000b\000s\000t\000r\000a\000c\000t\000.}{}% 2
\BOOKMARK [0][]{chapter*.7}{\376\377\000N\000o\000m\000e\000n\000c\000l\000a\000t\000u\000r\000e}{}% 3
\BOOKMARK [0][]{chapter*.10}{\376\377\000I\000n\000t\000r\000o\000d\000u\000c\000t\000i\000o\000n\000.}{}% 4
\BOOKMARK [0][]{chapter.1}{\376\377\000G\000e\000n\000e\000r\000a\000l\000\040\000c\000o\000n\000c\000e\000p\000t\000s\000\040\000o\000n\000\040\000s\000p\000a\000c\000e\000c\000r\000a\000f\000t\000\040\000r\000e\000l\000a\000t\000i\000v\000e\000\040\000d\000y\000n\000a\000m\000i\000c\000s\000\040\000a\000n\000d\000\040\000S\000T\000M\000s\000.}{}% 5
\BOOKMARK [1][]{section.1.1}{\376\377\000S\000p\000a\000c\000e\000c\000r\000a\000f\000t\000\040\000r\000e\000l\000a\000t\000i\000v\000e\000\040\000d\000y\000n\000a\000m\000i\000c\000s\000.}{chapter.1}% 6
\BOOKMARK [2][]{subsection.1.1.1}{\376\377\000R\000e\000n\000d\000e\000z\000-\000v\000o\000u\000s\000.}{section.1.1}% 7
\BOOKMARK [2][]{subsection.1.1.2}{\376\377\000F\000o\000r\000m\000a\000t\000i\000o\000n\000\040\000f\000l\000y\000i\000n\000g\000.}{section.1.1}% 8
\BOOKMARK [1][]{section.1.2}{\376\377\000S\000t\000a\000t\000e\000\040\000t\000r\000a\000n\000s\000i\000t\000i\000o\000n\000\040\000m\000a\000t\000r\000i\000c\000e\000s\000.}{chapter.1}% 9
\BOOKMARK [2][]{subsection.1.2.1}{\376\377\000C\000o\000n\000c\000e\000p\000t\000:\000\040\000S\000y\000s\000t\000e\000m\000\040\000d\000y\000n\000a\000m\000i\000c\000s\000.}{section.1.2}% 10
\BOOKMARK [2][]{subsection.1.2.2}{\376\377\000A\000p\000p\000l\000i\000c\000a\000t\000i\000o\000n\000s\000\040\000o\000f\000\040\000S\000T\000M\000s\000\040\000i\000n\000\040\000c\000e\000l\000e\000s\000t\000i\000a\000l\000\040\000m\000e\000c\000h\000a\000n\000i\000c\000s\000.}{section.1.2}% 11
\BOOKMARK [0][]{chapter.2}{\376\377\000R\000e\000l\000a\000t\000i\000v\000e\000\040\000d\000y\000n\000a\000m\000i\000c\000s\000\040\000a\000r\000o\000u\000n\000d\000\040\000a\000\040\000n\000e\000a\000r\000-\000c\000i\000r\000c\000u\000l\000a\000r\000\040\000u\000n\000p\000e\000r\000t\000u\000r\000b\000e\000d\000\040\000r\000e\000f\000e\000r\000e\000n\000c\000e\000\040\000o\000r\000b\000i\000t\000.}{}% 12
\BOOKMARK [1][]{section.2.1}{\376\377\000I\000n\000t\000r\000o\000d\000u\000c\000t\000i\000o\000n\000.}{chapter.2}% 13
\BOOKMARK [1][]{section.2.2}{\376\377\000M\000o\000t\000i\000o\000n\000\040\000m\000o\000d\000e\000l\000:\000\040\000H\000i\000l\000l\000\040\000e\000q\000u\000a\000t\000i\000o\000n\000s\000.}{chapter.2}% 14
\BOOKMARK [2][]{subsection.2.2.1}{\376\377\000E\000q\000u\000a\000t\000i\000o\000n\000s\000\040\000o\000f\000\040\000m\000o\000t\000i\000o\000n\000\040\000o\000f\000\040\000a\000\040\000s\000p\000a\000c\000e\000c\000r\000a\000f\000t\000.}{section.2.2}% 15
\BOOKMARK [2][]{subsection.2.2.2}{\376\377\000F\000o\000r\000c\000e\000s\000\040\000i\000n\000\040\000t\000h\000e\000\040\000s\000p\000a\000c\000e\000c\000r\000a\000f\000t\000\040\000m\000o\000t\000i\000o\000n\000\040\000p\000r\000o\000b\000l\000e\000m\000.}{section.2.2}% 16
\BOOKMARK [2][]{subsection.2.2.3}{\376\377\000T\000w\000o\000-\000b\000o\000d\000y\000\040\000p\000r\000o\000b\000l\000e\000m\000.}{section.2.2}% 17
\BOOKMARK [2][]{subsection.2.2.4}{\376\377\000T\000h\000r\000e\000e\000-\000b\000o\000d\000y\000\040\000p\000r\000o\000b\000l\000e\000m\000.}{section.2.2}% 18
\BOOKMARK [2][]{subsection.2.2.5}{\376\377\000D\000i\000f\000f\000e\000r\000e\000n\000t\000i\000a\000l\000\040\000e\000q\000u\000a\000t\000i\000o\000n\000s\000\040\000o\000f\000\040\000p\000r\000o\000x\000i\000m\000i\000t\000y\000\040\000r\000e\000l\000a\000t\000i\000v\000e\000\040\000m\000o\000t\000i\000o\000n\000.}{section.2.2}% 19
\BOOKMARK [2][]{subsection.2.2.6}{\376\377\000H\000i\000l\000l\000\040\000e\000q\000u\000a\000t\000i\000o\000n\000s\000.}{section.2.2}% 20
\BOOKMARK [1][]{section.2.3}{\376\377\000S\000o\000l\000u\000t\000i\000o\000n\000s\000\040\000o\000f\000\040\000H\000i\000l\000l\000\040\000e\000q\000u\000a\000t\000i\000o\000n\000s\000.}{chapter.2}% 21
\BOOKMARK [2][]{subsection.2.3.1}{\376\377\000D\000i\000r\000e\000c\000t\000\040\000n\000u\000m\000e\000r\000i\000c\000a\000l\000\040\000i\000n\000t\000e\000g\000r\000a\000t\000i\000o\000n\000.}{section.2.3}% 22
\BOOKMARK [2][]{subsection.2.3.2}{\376\377\000C\000l\000o\000h\000e\000s\000s\000y\000-\000W\000i\000l\000t\000s\000h\000i\000r\000e\000\040\000s\000o\000l\000u\000t\000i\000o\000n\000\040\000a\000n\000d\000\040\000S\000T\000M\000.}{section.2.3}% 23
\BOOKMARK [2][]{subsection.2.3.3}{\376\377\000S\000t\000a\000t\000e\000\040\000t\000r\000a\000n\000s\000i\000t\000i\000o\000n\000\040\000m\000a\000t\000r\000i\000x\000\040\000p\000r\000o\000p\000a\000g\000a\000t\000i\000o\000n\000.}{section.2.3}% 24
\BOOKMARK [2][]{subsection.2.3.4}{\376\377\000J\000o\000r\000d\000a\000n\000\040\000c\000a\000n\000o\000n\000i\000c\000a\000l\000\040\000d\000e\000c\000o\000m\000p\000o\000s\000i\000t\000i\000o\000n\000.}{section.2.3}% 25
\BOOKMARK [2][]{subsection.2.3.5}{\376\377\000R\000e\000s\000u\000l\000t\000s\000:\000\040\000C\000o\000m\000p\000a\000r\000i\000s\000o\000n\000\040\000a\000g\000a\000i\000n\000s\000t\000\040\000H\000i\000g\000h\000-\000F\000i\000d\000e\000l\000i\000t\000y\000.}{section.2.3}% 26
\BOOKMARK [1][]{section.2.4}{\376\377\000O\000r\000b\000i\000t\000\040\000s\000a\000f\000e\000t\000y\000\040\000i\000n\000\040\000n\000e\000a\000r\000-\000c\000i\000r\000c\000u\000l\000a\000r\000\040\000o\000r\000b\000i\000t\000s\000.}{chapter.2}% 27
\BOOKMARK [2][]{subsection.2.4.1}{\376\377\000O\000r\000b\000i\000t\000\040\000s\000a\000f\000e\000t\000y\000\040\000c\000o\000n\000c\000e\000p\000t\000.}{section.2.4}% 28
\BOOKMARK [2][]{subsection.2.4.2}{\376\377\000E\000c\000c\000e\000n\000t\000r\000i\000c\000i\000t\000y\000-\000i\000n\000c\000l\000i\000n\000a\000t\000i\000o\000n\000\040\000v\000e\000c\000t\000o\000r\000\040\000s\000e\000p\000a\000r\000a\000t\000i\000o\000n\000\040\000s\000t\000r\000a\000t\000e\000g\000y\000.}{section.2.4}% 29
\BOOKMARK [0][]{chapter.3}{\376\377\000R\000e\000l\000a\000t\000i\000v\000e\000\040\000d\000y\000n\000a\000m\000i\000c\000s\000\040\000a\000r\000o\000u\000n\000d\000\040\000e\000l\000l\000i\000p\000t\000i\000c\000\040\000r\000e\000f\000e\000r\000e\000n\000c\000e\000\040\000o\000r\000b\000i\000t\000s\000.}{}% 30
\BOOKMARK [1][]{section.3.1}{\376\377\000I\000n\000t\000r\000o\000d\000u\000c\000t\000i\000o\000n\000.}{chapter.3}% 31
\BOOKMARK [1][]{section.3.2}{\376\377\000M\000o\000t\000i\000o\000n\000\040\000m\000o\000d\000e\000l\000\040\000a\000n\000d\000\040\000S\000T\000M\000.}{chapter.3}% 32
\BOOKMARK [2][]{subsection.3.2.1}{\376\377\000S\000i\000m\000p\000l\000i\000f\000i\000c\000a\000t\000i\000o\000n\000\040\000o\000f\000\040\000e\000q\000u\000a\000t\000i\000o\000n\000s\000\040\000o\000f\000\040\000m\000o\000t\000i\000o\000n\000:\000\040\000Y\000a\000m\000a\000n\000a\000k\000a\000-\000A\000n\000k\000e\000r\000s\000e\000n\000\040\000s\000o\000l\000u\000t\000i\000o\000n\000.}{section.3.2}% 33
\BOOKMARK [2][]{subsection.3.2.2}{\376\377\000Y\000a\000m\000a\000n\000a\000k\000a\000-\000A\000n\000k\000e\000r\000s\000e\000n\000\040\000S\000T\000M\000\040\000a\000n\000d\000\040\000i\000n\000t\000e\000g\000r\000a\000t\000i\000o\000n\000\040\000c\000o\000n\000s\000t\000a\000n\000t\000s\000.}{section.3.2}% 34
\BOOKMARK [2][]{subsection.3.2.3}{\376\377\000R\000e\000s\000u\000l\000t\000s\000:\000\040\000C\000o\000m\000p\000a\000r\000i\000s\000o\000n\000\040\000w\000i\000t\000h\000\040\000H\000C\000W\000\040\000a\000n\000d\000\040\000H\000i\000-\000F\000i\000\040\000p\000r\000o\000p\000a\000g\000a\000t\000i\000o\000n\000.}{section.3.2}% 35
\BOOKMARK [1][]{section.3.3}{\376\377\000O\000r\000b\000i\000t\000\040\000s\000a\000f\000e\000t\000y\000\040\000i\000n\000\040\000e\000c\000c\000e\000n\000t\000r\000i\000c\000,\000\040\000u\000n\000p\000e\000r\000t\000u\000r\000b\000e\000d\000\040\000o\000r\000b\000i\000t\000s\000.}{chapter.3}% 36
\BOOKMARK [2][]{subsection.3.3.1}{\376\377\000R\000e\000l\000a\000t\000i\000v\000e\000\040\000m\000o\000t\000i\000o\000n\000\040\000d\000e\000s\000c\000r\000i\000p\000t\000i\000o\000n\000\040\000i\000n\000\040\000T\000A\000N\000\040\000f\000r\000a\000m\000e\000.}{section.3.3}% 37
\BOOKMARK [2][]{subsection.3.3.2}{\376\377\000G\000e\000n\000e\000r\000a\000l\000\040\000t\000r\000a\000j\000e\000c\000t\000o\000r\000i\000e\000s\000\040\000a\000n\000d\000\040\000s\000a\000f\000e\000\040\000o\000r\000b\000i\000t\000s\000.}{section.3.3}% 38
\BOOKMARK [0][]{chapter.4}{\376\377\000P\000e\000r\000t\000u\000r\000b\000a\000t\000i\000o\000n\000s\000:\000\040\000N\000o\000n\000-\000s\000p\000h\000e\000r\000i\000c\000a\000l\000\040\000g\000r\000a\000v\000i\000t\000y\000.}{}% 39
\BOOKMARK [1][]{section.4.1}{\376\377\000I\000n\000t\000r\000o\000d\000u\000c\000t\000i\000o\000n\000.}{chapter.4}% 40
\BOOKMARK [2][]{subsection.4.1.1}{\376\377\000R\000e\000l\000e\000v\000a\000n\000t\000\040\000p\000e\000r\000t\000u\000r\000b\000a\000t\000i\000o\000n\000s\000\040\000i\000n\000\040\000s\000p\000a\000c\000e\000c\000r\000a\000f\000t\000\040\000m\000o\000t\000i\000o\000n\000.}{section.4.1}% 41
\BOOKMARK [2][]{subsection.4.1.2}{\376\377\000V\000a\000r\000i\000a\000t\000i\000o\000n\000a\000l\000\040\000f\000o\000r\000m\000u\000l\000a\000t\000i\000o\000n\000\040\000o\000f\000\040\000p\000e\000r\000t\000u\000r\000b\000e\000d\000\040\000m\000o\000t\000i\000o\000n\000:\000\040\000A\000v\000e\000r\000a\000g\000i\000n\000g\000\040\000m\000e\000t\000h\000o\000d\000s\000.}{section.4.1}% 42
\BOOKMARK [1][]{section.4.2}{\376\377\000N\000o\000n\000-\000s\000p\000h\000e\000r\000i\000c\000a\000l\000\040\000g\000r\000a\000v\000i\000t\000y\000:\000\040\000G\000e\000n\000e\000r\000a\000l\000\040\000c\000o\000n\000c\000e\000p\000t\000s\000.}{chapter.4}% 43
\BOOKMARK [1][]{section.4.3}{\376\377\000J\0002\000\040\000e\000f\000f\000e\000c\000t\000\040\000a\000n\000a\000l\000y\000s\000i\000s\000.}{chapter.4}% 44
\BOOKMARK [2][]{subsection.4.3.1}{\376\377\000M\000e\000a\000n\000\040\000a\000n\000d\000\040\000o\000s\000c\000u\000l\000a\000t\000i\000n\000g\000\040\000e\000l\000e\000m\000e\000n\000t\000s}{section.4.3}% 45
\BOOKMARK [2][]{subsection.4.3.2}{\376\377\000B\000r\000o\000u\000w\000e\000r\000'\000s\000\040\000t\000h\000e\000o\000r\000y\000.}{section.4.3}% 46
\BOOKMARK [2][]{subsection.4.3.3}{\376\377\000S\000T\000M\000\040\000a\000p\000p\000r\000o\000a\000c\000h\000.}{section.4.3}% 47
\BOOKMARK [2][]{subsection.4.3.4}{\376\377\000V\000a\000l\000i\000d\000a\000t\000i\000o\000n\000.}{section.4.3}% 48
\BOOKMARK [1][]{section.4.4}{\376\377\000K\000a\000u\000l\000a\000'\000s\000\040\000t\000h\000e\000o\000r\000y\000.}{chapter.4}% 49
\BOOKMARK [2][]{subsection.4.4.1}{\376\377\000A\000p\000p\000r\000o\000a\000c\000h\000:\000\040\000V\000l\000m\000\040\000f\000u\000n\000c\000t\000i\000o\000n\000\040\000r\000e\000a\000r\000r\000a\000n\000g\000e\000m\000e\000n\000t\000.}{section.4.4}% 50
\BOOKMARK [2][]{subsection.4.4.2}{\376\377\000S\000u\000b\000f\000u\000n\000c\000t\000i\000o\000n\000s\000\040\000F\000l\000m\000p\000,\000\040\000\040\000G\000l\000p\000q\000\040\000a\000n\000d\000\040\000\040\000S\000l\000m\000p\000q\000.}{section.4.4}% 51
\BOOKMARK [2][]{subsection.4.4.3}{\376\377\000I\000m\000p\000l\000e\000m\000e\000n\000t\000a\000t\000i\000o\000n\000.}{section.4.4}% 52
\BOOKMARK [2][]{subsection.4.4.4}{\376\377\000V\000a\000l\000i\000d\000a\000t\000i\000o\000n\000.}{section.4.4}% 53
\BOOKMARK [0][]{chapter.5}{\376\377\000P\000e\000r\000t\000u\000r\000b\000e\000d\000\040\000r\000e\000l\000a\000t\000i\000v\000e\000\040\000m\000o\000t\000i\000o\000n\000.}{}% 54
\BOOKMARK [1][]{section.5.1}{\376\377\000I\000n\000t\000r\000o\000d\000u\000c\000t\000i\000o\000n\000.}{chapter.5}% 55
\BOOKMARK [2][]{subsection.5.1.1}{\376\377\000R\000e\000l\000a\000t\000i\000v\000e\000\040\000o\000r\000b\000i\000t\000\040\000p\000r\000o\000p\000a\000g\000a\000t\000i\000o\000n\000\040\000i\000n\000\040\000p\000e\000r\000t\000u\000r\000b\000e\000d\000\040\000r\000e\000l\000a\000t\000i\000v\000e\000\040\000m\000o\000t\000i\000o\000n\000.}{section.5.1}% 56
\BOOKMARK [1][]{section.5.2}{\376\377\000G\000i\000m\000-\000A\000l\000f\000r\000i\000e\000n\000d\000\040\000S\000T\000M\000.}{chapter.5}% 57
\BOOKMARK [2][]{subsection.5.2.1}{\376\377\000G\000i\000m\000-\000A\000l\000f\000r\000i\000e\000n\000d\000\040\000S\000T\000M\000\040\000s\000t\000r\000u\000c\000t\000u\000r\000e\000.}{section.5.2}% 58
\BOOKMARK [2][]{subsection.5.2.2}{\376\377\000L\000i\000n\000e\000a\000r\000i\000s\000e\000d\000\040\000m\000e\000a\000n\000\040\000t\000o\000\040\000o\000s\000c\000u\000l\000a\000t\000i\000n\000g\000\040\000t\000r\000a\000n\000s\000f\000o\000r\000m\000a\000t\000i\000o\000n\000.}{section.5.2}% 59
\BOOKMARK [2][]{subsection.5.2.3}{\376\377\000I\000n\000v\000e\000r\000s\000e\000\040\000t\000r\000a\000n\000s\000f\000o\000r\000m\000a\000t\000i\000o\000n\000.}{section.5.2}% 60
\BOOKMARK [1][]{section.5.3}{\376\377\000S\000t\000a\000t\000e\000-\000o\000f\000-\000t\000h\000e\000\040\000a\000r\000t\000\040\000p\000e\000r\000t\000u\000r\000b\000e\000d\000\040\000S\000T\000M\000s\000.}{chapter.5}% 61
\BOOKMARK [1][]{section.5.4}{\376\377\000O\000r\000b\000i\000t\000\040\000s\000a\000f\000e\000t\000y\000\040\000i\000n\000\040\000p\000e\000r\000t\000u\000r\000b\000e\000d\000\040\000m\000o\000t\000i\000o\000n\000.}{chapter.5}% 62
\BOOKMARK [2][]{subsection.5.4.1}{\376\377\000E\000q\000u\000i\000v\000a\000l\000e\000n\000c\000e\000\040\000o\000f\000\040\000c\000a\000r\000t\000e\000s\000i\000a\000n\000\040\000c\000o\000o\000r\000d\000i\000n\000a\000t\000e\000s\000\040\000a\000n\000d\000\040\000r\000e\000l\000a\000t\000i\000v\000e\000\040\000O\000E\000s\000.}{section.5.4}% 63
\BOOKMARK [2][]{subsection.5.4.2}{\376\377\000E\000f\000f\000e\000c\000t\000\040\000o\000f\000\040\000n\000o\000n\000-\000s\000p\000h\000e\000r\000i\000c\000a\000l\000\040\000g\000r\000a\000v\000i\000t\000y\000\040\000f\000i\000e\000l\000d\000:\000\040\000J\0002\000.}{section.5.4}% 64
\BOOKMARK [0][]{chapter.6}{\376\377\000C\000o\000n\000c\000l\000u\000s\000i\000o\000n\000s\000\040\000a\000n\000d\000\040\000r\000e\000s\000e\000a\000r\000c\000h\000\040\000o\000u\000t\000l\000o\000o\000k\000.}{}% 65
\BOOKMARK [0][]{appendix.A}{\376\377\000A\000b\000s\000o\000l\000u\000t\000e\000\040\000a\000n\000d\000\040\000r\000e\000l\000a\000t\000i\000v\000e\000\040\000o\000r\000b\000i\000t\000a\000l\000\040\000e\000l\000e\000m\000e\000n\000t\000\040\000s\000e\000t\000s\000.}{}% 66
\BOOKMARK [1][]{section.A.1}{\376\377\000I\000n\000t\000r\000o\000d\000u\000c\000t\000i\000o\000n\000.}{appendix.A}% 67
\BOOKMARK [1][]{section.A.2}{\376\377\000A\000b\000s\000o\000l\000u\000t\000e\000\040\000e\000l\000e\000m\000e\000n\000t\000\040\000s\000e\000t\000s\000.}{appendix.A}% 68
\BOOKMARK [2][]{subsection.A.2.1}{\376\377\000W\000o\000r\000k\000f\000l\000o\000w\000\040\000f\000o\000r\000\040\000t\000r\000a\000n\000s\000f\000o\000r\000m\000a\000t\000i\000o\000n\000s\000\040\000b\000e\000t\000w\000e\000e\000n\000\040\000a\000b\000s\000o\000l\000u\000t\000e\000\040\000e\000l\000e\000m\000e\000n\000t\000\040\000s\000e\000t\000s\000.}{section.A.2}% 69
\BOOKMARK [2][]{subsection.A.2.2}{\376\377\000E\000l\000e\000m\000e\000n\000t\000\040\000s\000e\000t\000s\000.}{section.A.2}% 70
\BOOKMARK [1][]{section.A.3}{\376\377\000R\000e\000l\000a\000t\000i\000v\000e\000\040\000s\000e\000t\000s\000.}{appendix.A}% 71
\BOOKMARK [2][]{subsection.A.3.1}{\376\377\000W\000o\000r\000k\000f\000l\000o\000w\000\040\000f\000o\000r\000\040\000t\000r\000a\000n\000s\000f\000o\000r\000m\000a\000t\000i\000o\000n\000s\000\040\000b\000e\000t\000w\000e\000e\000n\000\040\000R\000O\000E\000s\000.\000\040}{section.A.3}% 72
\BOOKMARK [2][]{subsection.A.3.2}{\376\377\000E\000l\000e\000m\000e\000n\000t\000\040\000s\000e\000t\000s\000.}{section.A.3}% 73
\BOOKMARK [0][]{appendix.B}{\376\377\000C\000a\000r\000t\000e\000s\000i\000a\000n\000\040\000r\000e\000f\000e\000r\000e\000n\000c\000e\000\040\000s\000y\000s\000t\000e\000m\000s\000.}{}% 74
\BOOKMARK [1][]{section.B.1}{\376\377\000I\000n\000t\000r\000o\000d\000u\000c\000t\000i\000o\000n\000.}{appendix.B}% 75
\BOOKMARK [2][]{subsection.B.1.1}{\376\377\000I\000n\000e\000r\000t\000i\000a\000l\000\040\000a\000n\000d\000\040\000r\000o\000t\000a\000t\000i\000n\000g\000\040\000r\000e\000f\000e\000r\000e\000n\000c\000e\000\040\000f\000r\000a\000m\000e\000s\000.}{section.B.1}% 76
\BOOKMARK [2][]{subsection.B.1.2}{\376\377\000A\000b\000s\000o\000l\000u\000t\000e\000\040\000a\000n\000d\000\040\000r\000e\000l\000a\000t\000i\000v\000e\000\040\000f\000r\000a\000m\000e\000s\000.}{section.B.1}% 77
\BOOKMARK [1][]{section.B.2}{\376\377\000T\000r\000a\000n\000s\000f\000o\000r\000m\000a\000t\000i\000o\000n\000s\000\040\000b\000e\000t\000w\000e\000e\000n\000\040\000r\000e\000f\000e\000r\000e\000n\000c\000e\000\040\000s\000y\000s\000t\000e\000m\000s\000.}{appendix.B}% 78
\BOOKMARK [2][]{subsection.B.2.1}{\376\377\000D\000i\000r\000e\000c\000t\000\040\000a\000n\000a\000l\000y\000t\000i\000c\000a\000l\000\040\000d\000i\000f\000f\000e\000r\000e\000n\000t\000i\000a\000t\000i\000o\000n\000.}{section.B.2}% 79
\BOOKMARK [2][]{subsection.B.2.2}{\376\377\000C\000l\000a\000s\000s\000i\000c\000a\000l\000\040\000m\000o\000t\000i\000o\000n\000\040\000c\000o\000m\000p\000o\000s\000i\000t\000i\000o\000n\000.}{section.B.2}% 80
\BOOKMARK [1][]{section.B.3}{\376\377\000A\000b\000s\000o\000l\000u\000t\000e\000\040\000r\000e\000f\000e\000r\000e\000n\000c\000e\000\040\000s\000y\000s\000t\000e\000m\000s\000.}{appendix.B}% 81
\BOOKMARK [2][]{subsection.B.3.1}{\376\377\000E\000a\000r\000t\000h\000-\000C\000e\000n\000t\000e\000r\000e\000d\000-\000I\000n\000e\000r\000t\000i\000a\000l\000\040\000r\000e\000f\000e\000r\000e\000n\000c\000e\000\040\000s\000y\000s\000t\000e\000m\000\040\000\050\000E\000C\000I\000\051\000.}{section.B.3}% 82
\BOOKMARK [2][]{subsection.B.3.2}{\376\377\000E\000a\000r\000t\000h\000-\000C\000e\000n\000t\000e\000r\000e\000d\000,\000\040\000E\000a\000r\000t\000h\000-\000F\000i\000x\000e\000d\000\040\000r\000e\000f\000e\000r\000e\000n\000c\000e\000\040\000s\000y\000s\000t\000e\000m\000\040\000\050\000E\000C\000E\000F\000\051\000.}{section.B.3}% 83
\BOOKMARK [2][]{subsection.B.3.3}{\376\377\000P\000e\000r\000i\000f\000o\000c\000a\000l\000\040\000\050\000P\000Q\000W\000\051\000\040\000r\000e\000f\000e\000r\000e\000n\000c\000e\000\040\000f\000r\000a\000m\000e\000.}{section.B.3}% 84
\BOOKMARK [1][]{section.B.4}{\376\377\000R\000e\000l\000a\000t\000i\000v\000e\000\040\000r\000e\000f\000e\000r\000e\000n\000c\000e\000\040\000s\000y\000s\000t\000e\000m\000s\000.}{appendix.B}% 85
\BOOKMARK [2][]{subsection.B.4.1}{\376\377\000R\000T\000N\000\040\000r\000e\000f\000e\000r\000e\000n\000c\000e\000\040\000f\000r\000a\000m\000e\000.}{section.B.4}% 86
\BOOKMARK [2][]{subsection.B.4.2}{\376\377\000L\000V\000L\000H\000\040\000r\000e\000f\000e\000r\000e\000n\000c\000e\000\040\000f\000r\000a\000m\000e\000.}{section.B.4}% 87
\BOOKMARK [2][]{subsection.B.4.3}{\376\377\000T\000A\000N\000\040\000r\000e\000f\000e\000r\000e\000n\000c\000e\000\040\000f\000r\000a\000m\000e\000.}{section.B.4}% 88
\BOOKMARK [1][]{section.B.5}{\376\377\000C\000o\000n\000v\000e\000r\000s\000i\000o\000n\000s\000\040\000f\000r\000o\000m\000\040\000O\000E\000s\000\040\000t\000o\000\040\000c\000a\000r\000t\000e\000s\000i\000a\000n\000\040\000c\000o\000o\000r\000d\000i\000n\000a\000t\000e\000s\000.}{appendix.B}% 89
\BOOKMARK [2][]{subsection.B.5.1}{\376\377\000K\000e\000p\000l\000e\000r\000i\000a\000n\000\040\000O\000E\000s\000\040\000t\000o\000\040\000E\000C\000I\000\040\000a\000n\000d\000\040\000v\000i\000c\000e\000\040\000v\000e\000r\000s\000a\000.}{section.B.5}% 90
\BOOKMARK [2][]{subsection.B.5.2}{\376\377\000R\000e\000l\000a\000t\000i\000v\000e\000\040\000K\000e\000p\000l\000e\000r\000i\000a\000n\000\040\000O\000E\000s\000\040\000t\000o\000\040\000R\000T\000N\000.}{section.B.5}% 91
\BOOKMARK [0][]{appendix.C}{\376\377\000A\000n\000a\000l\000y\000t\000i\000c\000a\000l\000\040\000m\000e\000c\000h\000a\000n\000i\000c\000s\000\040\000a\000p\000p\000l\000i\000e\000d\000\040\000t\000o\000\040\000t\000h\000e\000\040\000t\000w\000o\000-\000b\000o\000d\000y\000\040\000p\000r\000o\000b\000l\000e\000m\000.}{}% 92
\BOOKMARK [1][]{section.C.1}{\376\377\000I\000n\000t\000r\000o\000d\000u\000c\000t\000i\000o\000n\000.}{appendix.C}% 93
\BOOKMARK [1][]{section.C.2}{\376\377\000L\000a\000g\000r\000a\000n\000g\000i\000a\000n\000\040\000f\000o\000r\000m\000u\000l\000a\000t\000i\000o\000n\000.}{appendix.C}% 94
\BOOKMARK [2][]{subsection.C.2.1}{\376\377\000G\000e\000n\000e\000r\000a\000l\000i\000z\000e\000d\000\040\000c\000o\000o\000r\000d\000i\000n\000a\000t\000e\000s\000\040\000\046\000\040\000e\000n\000e\000r\000g\000y\000\040\000o\000f\000\040\000a\000\040\000d\000y\000n\000a\000m\000i\000c\000a\000l\000\040\000s\000y\000s\000t\000e\000m\000.}{section.C.2}% 95
\BOOKMARK [2][]{subsection.C.2.2}{\376\377\000L\000a\000g\000r\000a\000n\000g\000i\000a\000n\000\040\000f\000u\000n\000c\000t\000i\000o\000n\000.}{section.C.2}% 96
\BOOKMARK [2][]{subsection.C.2.3}{\376\377\000L\000a\000g\000r\000a\000n\000g\000e\000\040\000e\000q\000u\000a\000t\000i\000o\000n\000s\000.}{section.C.2}% 97
\BOOKMARK [1][]{section.C.3}{\376\377\000H\000a\000m\000i\000l\000t\000o\000n\000i\000a\000n\000\040\000f\000o\000r\000m\000u\000l\000a\000t\000i\000o\000n\000.}{appendix.C}% 98
\BOOKMARK [2][]{subsection.C.3.1}{\376\377\000H\000a\000m\000i\000l\000t\000o\000n\000i\000a\000n\000\040\000f\000u\000n\000c\000t\000i\000o\000n\000.}{section.C.3}% 99
\BOOKMARK [2][]{subsection.C.3.2}{\376\377\000H\000a\000m\000i\000l\000t\000o\000n\000\040\000e\000q\000u\000a\000t\000i\000o\000n\000s\000.}{section.C.3}% 100
\BOOKMARK [2][]{subsection.C.3.3}{\376\377\000C\000a\000n\000o\000n\000i\000c\000a\000l\000\040\000t\000r\000a\000n\000s\000f\000o\000r\000m\000a\000t\000i\000o\000n\000s\000.}{section.C.3}% 101
\BOOKMARK [2][]{subsection.C.3.4}{\376\377\000H\000a\000m\000i\000l\000t\000o\000n\000-\000J\000a\000c\000o\000b\000i\000\040\000t\000h\000e\000o\000r\000y\000.}{section.C.3}% 102
\BOOKMARK [1][]{section.C.4}{\376\377\000A\000p\000p\000l\000i\000c\000a\000t\000i\000o\000n\000\040\000t\000o\000\040\000t\000h\000e\000\040\000t\000w\000o\000-\000b\000o\000d\000y\000\040\000p\000r\000o\000b\000l\000e\000m\000.}{appendix.C}% 103
\BOOKMARK [0][]{appendix.D}{\376\377\000S\000o\000f\000t\000w\000a\000r\000e\000\040\000\046\000\040\000s\000i\000m\000u\000l\000a\000t\000o\000r\000.}{}% 104
\BOOKMARK [1][]{section.D.1}{\376\377\000S\000o\000f\000t\000w\000a\000r\000e\000\040\000t\000o\000o\000l\000:\000\040\000M\000a\000t\000l\000a\000b}{appendix.D}% 105
\BOOKMARK [1][]{section.D.2}{\376\377\000C\000o\000d\000e\000\040\000r\000e\000p\000o\000s\000i\000t\000o\000r\000y\000.}{appendix.D}% 106
\BOOKMARK [2][]{subsection.D.2.1}{\376\377\000P\000u\000r\000p\000o\000s\000e\000\040\000a\000n\000d\000\040\000a\000p\000p\000r\000o\000a\000c\000h\000.}{section.D.2}% 107
\BOOKMARK [2][]{subsection.D.2.2}{\376\377\000G\000e\000n\000e\000r\000a\000l\000\040\000s\000t\000r\000u\000c\000t\000u\000r\000e\000.}{section.D.2}% 108
\BOOKMARK [2][]{subsection.D.2.3}{\376\377\000G\000e\000n\000e\000r\000a\000l\000\040\000o\000r\000b\000i\000t\000\040\000p\000r\000o\000p\000a\000g\000a\000t\000i\000o\000n\000\040\000w\000o\000r\000k\000f\000l\000o\000w\000.}{section.D.2}% 109
\BOOKMARK [2][]{subsection.D.2.4}{\376\377\000H\000i\000g\000h\000-\000F\000i\000d\000e\000l\000i\000t\000y\000\040\000s\000i\000m\000u\000l\000a\000t\000o\000r\000.}{section.D.2}% 110
\BOOKMARK [2][]{subsection.D.2.5}{\376\377\000M\000a\000t\000l\000a\000b\000\040\000E\000x\000c\000h\000a\000n\000g\000e\000\040\000l\000i\000b\000r\000a\000r\000i\000e\000s\000.}{section.D.2}% 111
\BOOKMARK [0][]{appendix.E}{\376\377\000M\000i\000s\000c\000e\000l\000l\000a\000n\000e\000o\000u\000s}{}% 112
\BOOKMARK [1][]{section.E.1}{\376\377\000S\000t\000a\000t\000e\000\040\000T\000r\000a\000n\000s\000i\000t\000i\000o\000n\000\040\000M\000a\000t\000r\000i\000c\000e\000s\000.}{appendix.E}% 113
\BOOKMARK [2][]{subsection.E.1.1}{\376\377\000S\000T\000M\000\040\000f\000o\000r\000\040\000c\000i\000r\000c\000u\000l\000a\000r\000,\000\040\000u\000n\000p\000e\000r\000t\000u\000r\000b\000e\000d\000\040\000r\000e\000f\000e\000r\000e\000n\000c\000e\000\040\000o\000r\000b\000i\000t\000.}{section.E.1}% 114
\BOOKMARK [2][]{subsection.E.1.2}{\376\377\000S\000T\000M\000\040\000f\000o\000r\000\040\000e\000l\000l\000i\000p\000t\000i\000c\000,\000\040\000u\000n\000p\000e\000r\000t\000u\000r\000b\000e\000d\000\040\000r\000e\000f\000e\000r\000e\000n\000c\000e\000\040\000o\000r\000b\000i\000t\000.}{section.E.1}% 115
\BOOKMARK [2][]{subsection.E.1.3}{\376\377\000S\000T\000M\000\040\000f\000o\000r\000\040\000e\000l\000l\000i\000p\000t\000i\000c\000,\000\040\000J\0002\000-\000p\000e\000r\000t\000u\000r\000b\000e\000d\000\040\000o\000r\000b\000i\000t\000.}{section.E.1}% 116
\BOOKMARK [1][]{section.E.2}{\376\377\000V\000a\000r\000i\000a\000t\000i\000o\000n\000a\000l\000\040\000e\000q\000u\000a\000t\000i\000o\000n\000s\000.}{appendix.E}% 117
\BOOKMARK [2][]{subsection.E.2.1}{\376\377\000L\000a\000g\000r\000a\000n\000g\000e\000\040\000P\000l\000a\000n\000e\000t\000a\000r\000y\000\040\000E\000q\000u\000a\000t\000i\000o\000n\000s\000.}{section.E.2}% 118
\BOOKMARK [2][]{subsection.E.2.2}{\376\377\000G\000a\000u\000s\000s\000\040\000V\000a\000r\000i\000a\000t\000i\000o\000n\000a\000l\000\040\000E\000q\000u\000a\000t\000i\000o\000n\000s\000.}{section.E.2}% 119
\BOOKMARK [1][]{section.E.3}{\376\377\000E\000l\000l\000i\000p\000t\000i\000c\000\040\000a\000n\000o\000m\000a\000l\000y\000\040\000m\000a\000p\000p\000i\000n\000g\000.}{appendix.E}% 120
\BOOKMARK [2][]{subsection.E.3.1}{\376\377\000A\000n\000g\000l\000e\000s\000.}{section.E.3}% 121
\BOOKMARK [2][]{subsection.E.3.2}{\376\377\000A\000n\000g\000l\000e\000\040\000r\000a\000t\000e\000s\000.}{section.E.3}% 122
\BOOKMARK [2][]{subsection.E.3.3}{\376\377\000R\000e\000l\000a\000t\000i\000v\000e\000\040\000a\000n\000o\000m\000a\000l\000i\000e\000s\000.}{section.E.3}% 123
\BOOKMARK [1][]{section.E.4}{\376\377\000K\000a\000u\000l\000a\000'\000s\000\040\000f\000u\000n\000c\000t\000i\000o\000n\000s\000.}{appendix.E}% 124
\BOOKMARK [1][]{section.E.5}{\376\377\000S\000e\000r\000i\000e\000s\000\040\000e\000x\000p\000a\000n\000s\000i\000o\000n\000s\000\040\000f\000o\000r\000\040\000\040\000a\000n\000d\000\040\000e\000/\000.}{appendix.E}% 125
\BOOKMARK [2][]{subsection.E.5.1}{\376\377\000\040\000s\000e\000r\000i\000e\000s\000\040\000e\000x\000p\000a\000n\000s\000i\000o\000n\000.}{section.E.5}% 126
\BOOKMARK [2][]{subsection.E.5.2}{\376\377\000e\000/\000\040\000\040\000s\000e\000r\000i\000e\000s\000\040\000e\000x\000p\000a\000n\000s\000i\000o\000n\000.}{section.E.5}% 127
\BOOKMARK [0][]{appendix*.386}{\376\377\000B\000i\000b\000l\000i\000o\000g\000r\000a\000p\000h\000y}{}% 128
\BOOKMARK [1][]{section*.387}{\376\377\000G\000e\000n\000e\000r\000a\000l}{appendix*.386}% 129
\BOOKMARK [1][]{section*.387}{\376\377\000E\000c\000c\000e\000n\000t\000r\000i\000c\000\040\000D\000y\000n\000a\000m\000i\000c\000s}{appendix*.386}% 130
\BOOKMARK [1][]{section*.387}{\376\377\000P\000e\000r\000t\000u\000r\000b\000a\000t\000i\000o\000n\000s}{appendix*.386}% 131
\BOOKMARK [1][]{section*.387}{\376\377\000M\000a\000t\000l\000a\000b\000\040\000E\000x\000c\000h\000a\000n\000g\000e\000\040\000l\000i\000b\000r\000a\000r\000i\000e\000s}{appendix*.386}% 132
\BOOKMARK [1][]{section*.387}{\376\377\000W\000e\000b\000s\000i\000t\000e\000s\000\040\000\046\000\040\000o\000t\000h\000e\000r\000s}{appendix*.386}% 133
